2023-05-30 22:27:20,220 [main] INFO  org.mule.module.launcher.application.DefaultMuleApplication - 
++++++++++++++++++++++++++++++++++++++++++++++++++++++++++++
+ Initializing app 'birhan2'                               +
++++++++++++++++++++++++++++++++++++++++++++++++++++++++++++
2023-05-30 22:27:21,168 [main] INFO  org.mule.lifecycle.AbstractLifecycleManager - Initialising RegistryBroker
2023-05-30 22:27:21,842 [main] INFO  org.mule.module.extension.internal.manager.DefaultExtensionManager - Starting discovery of extensions
2023-05-30 22:27:22,255 [main] INFO  org.mule.module.extension.internal.manager.DefaultExtensionManager - Discovered 1 extensions
2023-05-30 22:27:22,255 [main] INFO  org.mule.module.extension.internal.manager.DefaultExtensionManager - Registering extension validation (version 3.9)
2023-05-30 22:27:22,652 [main] INFO  org.mule.config.spring.MuleArtifactContext - Refreshing org.mule.config.spring.MuleArtifactContext@38929da: startup date [Tue May 30 22:27:22 EAT 2023]; root of context hierarchy
2023-05-30 22:27:26,627 [main] INFO  org.mule.config.spring.processors.NoDevkitInjectorProcessor - JSR-330 'javax.inject.Inject' annotation found and supported for autowiring
2023-05-30 22:27:28,974 [main] WARN  org.mule.module.ognl.expression.OgnlExpressionEvaluator - OGNL module is deprecated and will be removed in Mule 4.0. Use MEL expressions instead.
2023-05-30 22:27:32,438 [main] INFO  org.mule.util.journal.TransactionJournal - Using files for tx logs D:\anypoint\muleproject\.mule\.\.mule\birhan2\queue-tx-log\tx1.log and D:\anypoint\muleproject\.mule\.\.mule\birhan2\queue-tx-log\tx2.log
2023-05-30 22:27:32,615 [main] INFO  org.mule.util.journal.TransactionJournal - Using files for tx logs D:\anypoint\muleproject\.mule\.\.mule\birhan2\queue-xa-tx-log\tx1.log and D:\anypoint\muleproject\.mule\.\.mule\birhan2\queue-xa-tx-log\tx2.log
2023-05-30 22:27:33,371 [main] INFO  org.mule.lifecycle.AbstractLifecycleManager - Initialising model: _muleSystemModel
2023-05-30 22:27:33,377 [main] INFO  org.mule.construct.FlowConstructLifecycleManager - Initialising flow: birhan2Flow
2023-05-30 22:27:33,379 [main] INFO  org.mule.exception.DefaultMessagingExceptionStrategy - Initialising exception listener: org.mule.exception.DefaultMessagingExceptionStrategy@424ec990
2023-05-30 22:27:33,619 [main] INFO  org.mule.processor.SedaStageLifecycleManager - Initialising service: birhan2Flow.stage1
2023-05-30 22:27:35,499 [main] INFO  org.mule.config.spring.SpringXmlConfigurationBuilder - Configured Mule using "org.mule.config.spring.SpringXmlConfigurationBuilder" with configuration resource(s): "[ConfigResource{resourceName='D:\anypoint\muleproject\.mule\apps\birhan2\birhan2.xml'}]"
2023-05-30 22:27:35,499 [main] INFO  org.mule.config.builders.AutoConfigurationBuilder - Configured Mule using "org.mule.config.builders.AutoConfigurationBuilder" with configuration resource(s): "[ConfigResource{resourceName='D:\anypoint\muleproject\.mule\apps\birhan2\birhan2.xml'}]"
2023-05-30 22:27:35,506 [main] INFO  com.mulesoft.module.policies.lifecyle.GateKeeper - GateKeeper Mode: DISABLED
2023-05-30 22:27:35,514 [main] INFO  org.mule.module.launcher.application.DefaultMuleApplication - 
++++++++++++++++++++++++++++++++++++++++++++++++++++++++++++
+ Starting app 'birhan2'                                   +
++++++++++++++++++++++++++++++++++++++++++++++++++++++++++++
2023-05-30 22:27:35,599 [main] INFO  org.mule.util.queue.QueueXaResourceManager - Starting ResourceManager
2023-05-30 22:27:35,599 [main] INFO  org.mule.util.queue.QueueXaResourceManager - Started ResourceManager
2023-05-30 22:27:35,761 [main] INFO  org.mule.module.http.internal.listener.DefaultHttpListenerConfig - Listening for requests on http://localhost:8081/
2023-05-30 22:27:35,766 [main] INFO  org.mule.lifecycle.AbstractLifecycleManager - Starting model: _muleSystemModel
2023-05-30 22:27:35,767 [main] INFO  org.mule.construct.FlowConstructLifecycleManager - Starting flow: birhan2Flow
2023-05-30 22:27:35,768 [main] INFO  org.mule.processor.SedaStageLifecycleManager - Starting service: birhan2Flow.stage1
2023-05-30 22:27:36,184 [main] INFO  org.mule.module.management.agent.WrapperManagerAgent - This JVM hasn't been launched by the wrapper, the agent will not run.
2023-05-30 22:27:36,277 [main] INFO  org.mule.DefaultMuleContext - 
**********************************************************************
* Application: birhan2                                               *
* OS encoding: \, Mule encoding: UTF-8                               *
*                                                                    *
* Agents Running:                                                    *
*   Batch module default engine                                      *
*   JMX Agent                                                        *
*   Wrapper Manager                                                  *
**********************************************************************
2023-05-30 22:28:05,348 [[birhan2].HTTP_Listener_Configuration.worker.01] INFO  org.mule.module.http.internal.listener.HttpListenerRegistry - No listener found for request: (GET)/hello
2023-05-30 22:28:05,348 [[birhan2].HTTP_Listener_Configuration.worker.01] INFO  org.mule.module.http.internal.listener.HttpListenerRegistry - Available listeners are: [(*)//hello/]
2023-05-30 22:28:07,159 [[birhan2].HTTP_Listener_Configuration.worker.01] INFO  org.mule.module.http.internal.listener.HttpListenerRegistry - No listener found for request: (GET)/favicon.ico
2023-05-30 22:28:07,159 [[birhan2].HTTP_Listener_Configuration.worker.01] INFO  org.mule.module.http.internal.listener.HttpListenerRegistry - Available listeners are: [(*)//hello/]
2023-05-30 22:34:49,347 [main] INFO  org.mule.module.launcher.application.DefaultMuleApplication - 
++++++++++++++++++++++++++++++++++++++++++++++++++++++++++++
+ Initializing app 'birhan2'                               +
++++++++++++++++++++++++++++++++++++++++++++++++++++++++++++
2023-05-30 22:34:49,771 [main] INFO  org.mule.lifecycle.AbstractLifecycleManager - Initialising RegistryBroker
2023-05-30 22:34:49,962 [main] INFO  org.mule.module.extension.internal.manager.DefaultExtensionManager - Starting discovery of extensions
2023-05-30 22:34:50,234 [main] INFO  org.mule.module.extension.internal.manager.DefaultExtensionManager - Discovered 1 extensions
2023-05-30 22:34:50,234 [main] INFO  org.mule.module.extension.internal.manager.DefaultExtensionManager - Registering extension validation (version 3.9)
2023-05-30 22:34:50,375 [main] INFO  org.mule.config.spring.MuleArtifactContext - Refreshing org.mule.config.spring.MuleArtifactContext@38929da: startup date [Tue May 30 22:34:50 EAT 2023]; root of context hierarchy
2023-05-30 22:34:53,510 [main] INFO  org.mule.config.spring.processors.NoDevkitInjectorProcessor - JSR-330 'javax.inject.Inject' annotation found and supported for autowiring
2023-05-30 22:34:56,803 [main] WARN  org.mule.module.ognl.expression.OgnlExpressionEvaluator - OGNL module is deprecated and will be removed in Mule 4.0. Use MEL expressions instead.
2023-05-30 22:34:58,429 [main] INFO  org.mule.lifecycle.AbstractLifecycleManager - Disposing RegistryBroker
2023-05-30 22:34:58,434 [main] INFO  org.mule.construct.FlowConstructLifecycleManager - Disposing flow: birhan2Flow
2023-05-30 22:34:58,434 [main] ERROR org.mule.construct.Flow - Failed to stop service: birhan2Flow
org.mule.api.lifecycle.LifecycleException: null
	at org.mule.lifecycle.AbstractLifecycleManager.invokePhase(AbstractLifecycleManager.java:164) ~[mule-core-3.9.5-20220920.jar:3.9.5-20220920]
	at org.mule.construct.FlowConstructLifecycleManager.fireDisposePhase(FlowConstructLifecycleManager.java:144) ~[mule-core-3.9.5-20220920.jar:3.9.5-20220920]
	at org.mule.construct.AbstractFlowConstruct.dispose(AbstractFlowConstruct.java:162) ~[mule-core-3.9.5-20220920.jar:3.9.5-20220920]
	at sun.reflect.NativeMethodAccessorImpl.invoke0(Native Method) ~[?:1.8.0_202]
	at sun.reflect.NativeMethodAccessorImpl.invoke(NativeMethodAccessorImpl.java:62) ~[?:1.8.0_202]
	at sun.reflect.DelegatingMethodAccessorImpl.invoke(DelegatingMethodAccessorImpl.java:43) ~[?:1.8.0_202]
	at java.lang.reflect.Method.invoke(Method.java:498) ~[?:1.8.0_202]
	at org.mule.lifecycle.phases.DefaultLifecyclePhase.applyLifecycle(DefaultLifecyclePhase.java:230) ~[mule-core-3.9.5-20220920.jar:3.9.5-20220920]
	at org.mule.lifecycle.phases.MuleContextDisposePhase.applyLifecycle(MuleContextDisposePhase.java:103) ~[mule-core-3.9.5-20220920.jar:3.9.5-20220920]
	at org.mule.config.spring.SpringRegistryLifecycleManager$SpringContextDisposePhase.applyLifecycle(SpringRegistryLifecycleManager.java:143) ~[mule-module-spring-config-3.9.5-20220920.jar:3.9.5-20220920]
	at org.mule.lifecycle.RegistryLifecycleCallback.doApplyLifecycle(RegistryLifecycleCallback.java:108) ~[mule-core-3.9.5-20220920.jar:3.9.5-20220920]
	at org.mule.lifecycle.RegistryLifecycleCallback.onTransition(RegistryLifecycleCallback.java:78) ~[mule-core-3.9.5-20220920.jar:3.9.5-20220920]
	at org.mule.lifecycle.AbstractLifecycleManager.invokePhase(AbstractLifecycleManager.java:146) ~[mule-core-3.9.5-20220920.jar:3.9.5-20220920]
	at org.mule.lifecycle.RegistryLifecycleManager.fireLifecycle(RegistryLifecycleManager.java:134) ~[mule-core-3.9.5-20220920.jar:3.9.5-20220920]
	at org.mule.registry.AbstractRegistry.dispose(AbstractRegistry.java:68) ~[mule-core-3.9.5-20220920.jar:3.9.5-20220920]
	at org.mule.registry.AbstractRegistryBroker$2.onTransition(AbstractRegistryBroker.java:69) ~[mule-core-3.9.5-20220920.jar:3.9.5-20220920]
	at org.mule.registry.AbstractRegistryBroker$2.onTransition(AbstractRegistryBroker.java:64) ~[mule-core-3.9.5-20220920.jar:3.9.5-20220920]
	at org.mule.lifecycle.AbstractLifecycleManager.invokePhase(AbstractLifecycleManager.java:146) ~[mule-core-3.9.5-20220920.jar:3.9.5-20220920]
	at org.mule.lifecycle.RegistryBrokerLifecycleManager.fireDisposePhase(RegistryBrokerLifecycleManager.java:82) ~[mule-core-3.9.5-20220920.jar:3.9.5-20220920]
	at org.mule.registry.AbstractRegistryBroker.dispose(AbstractRegistryBroker.java:63) ~[mule-core-3.9.5-20220920.jar:3.9.5-20220920]
	at org.mule.registry.MuleRegistryHelper.fireLifecycle(MuleRegistryHelper.java:140) ~[mule-core-3.9.5-20220920.jar:3.9.5-20220920]
	at org.mule.lifecycle.MuleContextLifecycleManager$MuleContextLifecycleCallback.onTransition(MuleContextLifecycleManager.java:74) ~[mule-core-3.9.5-20220920.jar:3.9.5-20220920]
	at org.mule.lifecycle.MuleContextLifecycleManager$MuleContextLifecycleCallback.onTransition(MuleContextLifecycleManager.java:70) ~[mule-core-3.9.5-20220920.jar:3.9.5-20220920]
	at org.mule.lifecycle.AbstractLifecycleManager.invokePhase(AbstractLifecycleManager.java:146) ~[mule-core-3.9.5-20220920.jar:3.9.5-20220920]
	at org.mule.lifecycle.MuleContextLifecycleManager.fireLifecycle(MuleContextLifecycleManager.java:62) ~[mule-core-3.9.5-20220920.jar:3.9.5-20220920]
	at org.mule.DefaultMuleContext.dispose(DefaultMuleContext.java:456) ~[mule-core-3.9.5-20220920.jar:3.9.5-20220920]
	at org.mule.context.DefaultMuleContextFactory.doCreateMuleContext(DefaultMuleContextFactory.java:230) ~[mule-core-3.9.5-20220920.jar:3.9.5-20220920]
	at org.mule.context.DefaultMuleContextFactory.createMuleContext(DefaultMuleContextFactory.java:81) ~[mule-core-3.9.5-20220920.jar:3.9.5-20220920]
	at org.mule.module.launcher.application.DefaultMuleApplication.init(DefaultMuleApplication.java:215) ~[mule-module-launcher-3.9.5-20220920.jar:3.9.5-20220920]
	at org.mule.module.launcher.artifact.ArtifactWrapper$2.execute(ArtifactWrapper.java:64) ~[mule-module-launcher-3.9.5-20220920.jar:3.9.5-20220920]
	at org.mule.module.launcher.artifact.ArtifactWrapper.executeWithinArtifactClassLoader(ArtifactWrapper.java:138) ~[mule-module-launcher-3.9.5-20220920.jar:3.9.5-20220920]
	at org.mule.module.launcher.artifact.ArtifactWrapper.init(ArtifactWrapper.java:59) ~[mule-module-launcher-3.9.5-20220920.jar:3.9.5-20220920]
	at org.mule.module.launcher.DefaultArtifactDeployer.deploy(DefaultArtifactDeployer.java:92) ~[mule-module-launcher-3.9.5-20220920.jar:3.9.5-20220920]
	at org.mule.module.launcher.DefaultArchiveDeployer.deployArtifact(DefaultArchiveDeployer.java:578) ~[mule-module-launcher-3.9.5-20220920.jar:3.9.5-20220920]
	at org.mule.module.launcher.DefaultArchiveDeployer.deployArtifact(DefaultArchiveDeployer.java:356) ~[mule-module-launcher-3.9.5-20220920.jar:3.9.5-20220920]
	at org.mule.module.launcher.DefaultArchiveDeployer.deployPackagedArtifact(DefaultArchiveDeployer.java:203) ~[mule-module-launcher-3.9.5-20220920.jar:3.9.5-20220920]
	at org.mule.module.launcher.DefaultArchiveDeployer.deployPackagedArtifact(DefaultArchiveDeployer.java:300) ~[mule-module-launcher-3.9.5-20220920.jar:3.9.5-20220920]
	at org.mule.module.launcher.DefaultArchiveDeployer.deployPackagedArtifact(DefaultArchiveDeployer.java:87) ~[mule-module-launcher-3.9.5-20220920.jar:3.9.5-20220920]
	at org.mule.module.launcher.DefaultArchiveDeployer.deployPackagedArtifact(DefaultArchiveDeployer.java:618) ~[mule-module-launcher-3.9.5-20220920.jar:3.9.5-20220920]
	at org.mule.module.launcher.DeploymentDirectoryWatcher.deployPackedApps(DeploymentDirectoryWatcher.java:302) ~[mule-module-launcher-3.9.5-20220920.jar:3.9.5-20220920]
	at org.mule.module.launcher.DeploymentDirectoryWatcher.start(DeploymentDirectoryWatcher.java:156) ~[mule-module-launcher-3.9.5-20220920.jar:3.9.5-20220920]
	at org.mule.module.launcher.MuleDeploymentService.start(MuleDeploymentService.java:137) ~[mule-module-launcher-3.9.5-20220920.jar:3.9.5-20220920]
	at org.mule.module.launcher.MuleContainer.start(MuleContainer.java:172) ~[mule-module-launcher-3.9.5-20220920.jar:3.9.5-20220920]
	at org.mule.tooling.server.application.ApplicationDeployer.main(ApplicationDeployer.java:15) ~[tooling-support-3.9.5.jar:?]
Caused by: java.lang.NullPointerException
	at org.mule.module.http.internal.listener.DefaultHttpListener.dispose(DefaultHttpListener.java:300) ~[mule-module-http-3.9.5-20220920.jar:3.9.5-20220920]
	at org.mule.construct.AbstractFlowConstruct.disposeIfDisposable(AbstractFlowConstruct.java:341) ~[mule-core-3.9.5-20220920.jar:3.9.5-20220920]
	at org.mule.construct.AbstractPipeline.doDispose(AbstractPipeline.java:477) ~[mule-core-3.9.5-20220920.jar:3.9.5-20220920]
	at org.mule.construct.AbstractFlowConstruct$4.onTransition(AbstractFlowConstruct.java:166) ~[mule-core-3.9.5-20220920.jar:3.9.5-20220920]
	at org.mule.construct.AbstractFlowConstruct$4.onTransition(AbstractFlowConstruct.java:163) ~[mule-core-3.9.5-20220920.jar:3.9.5-20220920]
	at org.mule.lifecycle.AbstractLifecycleManager.invokePhase(AbstractLifecycleManager.java:146) ~[mule-core-3.9.5-20220920.jar:3.9.5-20220920]
	... 43 more
2023-05-30 22:34:58,436 [main] INFO  org.mule.lifecycle.AbstractLifecycleManager - Disposing model: _muleSystemModel
2023-05-30 22:34:59,069 [main] WARN  org.mule.lifecycle.phases.DefaultLifecyclePhase - Failed to dispose object org.mule.util.lock.MuleLockFactory@113a6636
org.mule.api.lifecycle.LifecycleException: Failed to invoke lifecycle phase "dispose" on object: org.mule.util.lock.MuleLockFactory@113a6636
	at org.mule.lifecycle.phases.DefaultLifecyclePhase.applyLifecycle(DefaultLifecyclePhase.java:243) ~[mule-core-3.9.5-20220920.jar:3.9.5-20220920]
	at org.mule.lifecycle.phases.MuleContextDisposePhase.applyLifecycle(MuleContextDisposePhase.java:103) ~[mule-core-3.9.5-20220920.jar:3.9.5-20220920]
	at org.mule.config.spring.SpringRegistryLifecycleManager$SpringContextDisposePhase.applyLifecycle(SpringRegistryLifecycleManager.java:143) ~[mule-module-spring-config-3.9.5-20220920.jar:3.9.5-20220920]
	at org.mule.lifecycle.RegistryLifecycleCallback.doApplyLifecycle(RegistryLifecycleCallback.java:108) ~[mule-core-3.9.5-20220920.jar:3.9.5-20220920]
	at org.mule.lifecycle.RegistryLifecycleCallback.onTransition(RegistryLifecycleCallback.java:78) ~[mule-core-3.9.5-20220920.jar:3.9.5-20220920]
	at org.mule.lifecycle.AbstractLifecycleManager.invokePhase(AbstractLifecycleManager.java:146) ~[mule-core-3.9.5-20220920.jar:3.9.5-20220920]
	at org.mule.lifecycle.RegistryLifecycleManager.fireLifecycle(RegistryLifecycleManager.java:134) ~[mule-core-3.9.5-20220920.jar:3.9.5-20220920]
	at org.mule.registry.AbstractRegistry.dispose(AbstractRegistry.java:68) ~[mule-core-3.9.5-20220920.jar:3.9.5-20220920]
	at org.mule.registry.AbstractRegistryBroker$2.onTransition(AbstractRegistryBroker.java:69) ~[mule-core-3.9.5-20220920.jar:3.9.5-20220920]
	at org.mule.registry.AbstractRegistryBroker$2.onTransition(AbstractRegistryBroker.java:64) ~[mule-core-3.9.5-20220920.jar:3.9.5-20220920]
	at org.mule.lifecycle.AbstractLifecycleManager.invokePhase(AbstractLifecycleManager.java:146) ~[mule-core-3.9.5-20220920.jar:3.9.5-20220920]
	at org.mule.lifecycle.RegistryBrokerLifecycleManager.fireDisposePhase(RegistryBrokerLifecycleManager.java:82) ~[mule-core-3.9.5-20220920.jar:3.9.5-20220920]
	at org.mule.registry.AbstractRegistryBroker.dispose(AbstractRegistryBroker.java:63) ~[mule-core-3.9.5-20220920.jar:3.9.5-20220920]
	at org.mule.registry.MuleRegistryHelper.fireLifecycle(MuleRegistryHelper.java:140) ~[mule-core-3.9.5-20220920.jar:3.9.5-20220920]
	at org.mule.lifecycle.MuleContextLifecycleManager$MuleContextLifecycleCallback.onTransition(MuleContextLifecycleManager.java:74) ~[mule-core-3.9.5-20220920.jar:3.9.5-20220920]
	at org.mule.lifecycle.MuleContextLifecycleManager$MuleContextLifecycleCallback.onTransition(MuleContextLifecycleManager.java:70) ~[mule-core-3.9.5-20220920.jar:3.9.5-20220920]
	at org.mule.lifecycle.AbstractLifecycleManager.invokePhase(AbstractLifecycleManager.java:146) ~[mule-core-3.9.5-20220920.jar:3.9.5-20220920]
	at org.mule.lifecycle.MuleContextLifecycleManager.fireLifecycle(MuleContextLifecycleManager.java:62) ~[mule-core-3.9.5-20220920.jar:3.9.5-20220920]
	at org.mule.DefaultMuleContext.dispose(DefaultMuleContext.java:456) ~[mule-core-3.9.5-20220920.jar:3.9.5-20220920]
	at org.mule.context.DefaultMuleContextFactory.doCreateMuleContext(DefaultMuleContextFactory.java:230) ~[mule-core-3.9.5-20220920.jar:3.9.5-20220920]
	at org.mule.context.DefaultMuleContextFactory.createMuleContext(DefaultMuleContextFactory.java:81) ~[mule-core-3.9.5-20220920.jar:3.9.5-20220920]
	at org.mule.module.launcher.application.DefaultMuleApplication.init(DefaultMuleApplication.java:215) ~[mule-module-launcher-3.9.5-20220920.jar:3.9.5-20220920]
	at org.mule.module.launcher.artifact.ArtifactWrapper$2.execute(ArtifactWrapper.java:64) ~[mule-module-launcher-3.9.5-20220920.jar:3.9.5-20220920]
	at org.mule.module.launcher.artifact.ArtifactWrapper.executeWithinArtifactClassLoader(ArtifactWrapper.java:138) ~[mule-module-launcher-3.9.5-20220920.jar:3.9.5-20220920]
	at org.mule.module.launcher.artifact.ArtifactWrapper.init(ArtifactWrapper.java:59) ~[mule-module-launcher-3.9.5-20220920.jar:3.9.5-20220920]
	at org.mule.module.launcher.DefaultArtifactDeployer.deploy(DefaultArtifactDeployer.java:92) ~[mule-module-launcher-3.9.5-20220920.jar:3.9.5-20220920]
	at org.mule.module.launcher.DefaultArchiveDeployer.deployArtifact(DefaultArchiveDeployer.java:578) ~[mule-module-launcher-3.9.5-20220920.jar:3.9.5-20220920]
	at org.mule.module.launcher.DefaultArchiveDeployer.deployArtifact(DefaultArchiveDeployer.java:356) ~[mule-module-launcher-3.9.5-20220920.jar:3.9.5-20220920]
	at org.mule.module.launcher.DefaultArchiveDeployer.deployPackagedArtifact(DefaultArchiveDeployer.java:203) ~[mule-module-launcher-3.9.5-20220920.jar:3.9.5-20220920]
	at org.mule.module.launcher.DefaultArchiveDeployer.deployPackagedArtifact(DefaultArchiveDeployer.java:300) ~[mule-module-launcher-3.9.5-20220920.jar:3.9.5-20220920]
	at org.mule.module.launcher.DefaultArchiveDeployer.deployPackagedArtifact(DefaultArchiveDeployer.java:87) ~[mule-module-launcher-3.9.5-20220920.jar:3.9.5-20220920]
	at org.mule.module.launcher.DefaultArchiveDeployer.deployPackagedArtifact(DefaultArchiveDeployer.java:618) ~[mule-module-launcher-3.9.5-20220920.jar:3.9.5-20220920]
	at org.mule.module.launcher.DeploymentDirectoryWatcher.deployPackedApps(DeploymentDirectoryWatcher.java:302) ~[mule-module-launcher-3.9.5-20220920.jar:3.9.5-20220920]
	at org.mule.module.launcher.DeploymentDirectoryWatcher.start(DeploymentDirectoryWatcher.java:156) ~[mule-module-launcher-3.9.5-20220920.jar:3.9.5-20220920]
	at org.mule.module.launcher.MuleDeploymentService.start(MuleDeploymentService.java:137) ~[mule-module-launcher-3.9.5-20220920.jar:3.9.5-20220920]
	at org.mule.module.launcher.MuleContainer.start(MuleContainer.java:172) ~[mule-module-launcher-3.9.5-20220920.jar:3.9.5-20220920]
	at org.mule.tooling.server.application.ApplicationDeployer.main(ApplicationDeployer.java:15) ~[tooling-support-3.9.5.jar:?]
Caused by: java.lang.NullPointerException
	at org.mule.util.lock.MuleLockFactory.dispose(MuleLockFactory.java:32) ~[mule-core-3.9.5-20220920.jar:3.9.5-20220920]
	at sun.reflect.NativeMethodAccessorImpl.invoke0(Native Method) ~[?:1.8.0_202]
	at sun.reflect.NativeMethodAccessorImpl.invoke(NativeMethodAccessorImpl.java:62) ~[?:1.8.0_202]
	at sun.reflect.DelegatingMethodAccessorImpl.invoke(DelegatingMethodAccessorImpl.java:43) ~[?:1.8.0_202]
	at java.lang.reflect.Method.invoke(Method.java:498) ~[?:1.8.0_202]
	at org.mule.lifecycle.phases.DefaultLifecyclePhase.applyLifecycle(DefaultLifecyclePhase.java:230) ~[mule-core-3.9.5-20220920.jar:3.9.5-20220920]
	... 36 more
2023-05-30 22:34:59,071 [main] WARN  org.mule.lifecycle.phases.DefaultLifecyclePhase - Failed to dispose object org.mule.util.queue.DelegateQueueManager@424ec990
org.mule.api.lifecycle.LifecycleException: Failed to invoke lifecycle phase "dispose" on object: org.mule.util.queue.DelegateQueueManager@424ec990
	at org.mule.lifecycle.phases.DefaultLifecyclePhase.applyLifecycle(DefaultLifecyclePhase.java:243) ~[mule-core-3.9.5-20220920.jar:3.9.5-20220920]
	at org.mule.lifecycle.phases.MuleContextDisposePhase.applyLifecycle(MuleContextDisposePhase.java:103) ~[mule-core-3.9.5-20220920.jar:3.9.5-20220920]
	at org.mule.config.spring.SpringRegistryLifecycleManager$SpringContextDisposePhase.applyLifecycle(SpringRegistryLifecycleManager.java:143) ~[mule-module-spring-config-3.9.5-20220920.jar:3.9.5-20220920]
	at org.mule.lifecycle.RegistryLifecycleCallback.doApplyLifecycle(RegistryLifecycleCallback.java:108) ~[mule-core-3.9.5-20220920.jar:3.9.5-20220920]
	at org.mule.lifecycle.RegistryLifecycleCallback.onTransition(RegistryLifecycleCallback.java:78) ~[mule-core-3.9.5-20220920.jar:3.9.5-20220920]
	at org.mule.lifecycle.AbstractLifecycleManager.invokePhase(AbstractLifecycleManager.java:146) ~[mule-core-3.9.5-20220920.jar:3.9.5-20220920]
	at org.mule.lifecycle.RegistryLifecycleManager.fireLifecycle(RegistryLifecycleManager.java:134) ~[mule-core-3.9.5-20220920.jar:3.9.5-20220920]
	at org.mule.registry.AbstractRegistry.dispose(AbstractRegistry.java:68) ~[mule-core-3.9.5-20220920.jar:3.9.5-20220920]
	at org.mule.registry.AbstractRegistryBroker$2.onTransition(AbstractRegistryBroker.java:69) ~[mule-core-3.9.5-20220920.jar:3.9.5-20220920]
	at org.mule.registry.AbstractRegistryBroker$2.onTransition(AbstractRegistryBroker.java:64) ~[mule-core-3.9.5-20220920.jar:3.9.5-20220920]
	at org.mule.lifecycle.AbstractLifecycleManager.invokePhase(AbstractLifecycleManager.java:146) ~[mule-core-3.9.5-20220920.jar:3.9.5-20220920]
	at org.mule.lifecycle.RegistryBrokerLifecycleManager.fireDisposePhase(RegistryBrokerLifecycleManager.java:82) ~[mule-core-3.9.5-20220920.jar:3.9.5-20220920]
	at org.mule.registry.AbstractRegistryBroker.dispose(AbstractRegistryBroker.java:63) ~[mule-core-3.9.5-20220920.jar:3.9.5-20220920]
	at org.mule.registry.MuleRegistryHelper.fireLifecycle(MuleRegistryHelper.java:140) ~[mule-core-3.9.5-20220920.jar:3.9.5-20220920]
	at org.mule.lifecycle.MuleContextLifecycleManager$MuleContextLifecycleCallback.onTransition(MuleContextLifecycleManager.java:74) ~[mule-core-3.9.5-20220920.jar:3.9.5-20220920]
	at org.mule.lifecycle.MuleContextLifecycleManager$MuleContextLifecycleCallback.onTransition(MuleContextLifecycleManager.java:70) ~[mule-core-3.9.5-20220920.jar:3.9.5-20220920]
	at org.mule.lifecycle.AbstractLifecycleManager.invokePhase(AbstractLifecycleManager.java:146) ~[mule-core-3.9.5-20220920.jar:3.9.5-20220920]
	at org.mule.lifecycle.MuleContextLifecycleManager.fireLifecycle(MuleContextLifecycleManager.java:62) ~[mule-core-3.9.5-20220920.jar:3.9.5-20220920]
	at org.mule.DefaultMuleContext.dispose(DefaultMuleContext.java:456) ~[mule-core-3.9.5-20220920.jar:3.9.5-20220920]
	at org.mule.context.DefaultMuleContextFactory.doCreateMuleContext(DefaultMuleContextFactory.java:230) ~[mule-core-3.9.5-20220920.jar:3.9.5-20220920]
	at org.mule.context.DefaultMuleContextFactory.createMuleContext(DefaultMuleContextFactory.java:81) ~[mule-core-3.9.5-20220920.jar:3.9.5-20220920]
	at org.mule.module.launcher.application.DefaultMuleApplication.init(DefaultMuleApplication.java:215) ~[mule-module-launcher-3.9.5-20220920.jar:3.9.5-20220920]
	at org.mule.module.launcher.artifact.ArtifactWrapper$2.execute(ArtifactWrapper.java:64) ~[mule-module-launcher-3.9.5-20220920.jar:3.9.5-20220920]
	at org.mule.module.launcher.artifact.ArtifactWrapper.executeWithinArtifactClassLoader(ArtifactWrapper.java:138) ~[mule-module-launcher-3.9.5-20220920.jar:3.9.5-20220920]
	at org.mule.module.launcher.artifact.ArtifactWrapper.init(ArtifactWrapper.java:59) ~[mule-module-launcher-3.9.5-20220920.jar:3.9.5-20220920]
	at org.mule.module.launcher.DefaultArtifactDeployer.deploy(DefaultArtifactDeployer.java:92) ~[mule-module-launcher-3.9.5-20220920.jar:3.9.5-20220920]
	at org.mule.module.launcher.DefaultArchiveDeployer.deployArtifact(DefaultArchiveDeployer.java:578) ~[mule-module-launcher-3.9.5-20220920.jar:3.9.5-20220920]
	at org.mule.module.launcher.DefaultArchiveDeployer.deployArtifact(DefaultArchiveDeployer.java:356) ~[mule-module-launcher-3.9.5-20220920.jar:3.9.5-20220920]
	at org.mule.module.launcher.DefaultArchiveDeployer.deployPackagedArtifact(DefaultArchiveDeployer.java:203) ~[mule-module-launcher-3.9.5-20220920.jar:3.9.5-20220920]
	at org.mule.module.launcher.DefaultArchiveDeployer.deployPackagedArtifact(DefaultArchiveDeployer.java:300) ~[mule-module-launcher-3.9.5-20220920.jar:3.9.5-20220920]
	at org.mule.module.launcher.DefaultArchiveDeployer.deployPackagedArtifact(DefaultArchiveDeployer.java:87) ~[mule-module-launcher-3.9.5-20220920.jar:3.9.5-20220920]
	at org.mule.module.launcher.DefaultArchiveDeployer.deployPackagedArtifact(DefaultArchiveDeployer.java:618) ~[mule-module-launcher-3.9.5-20220920.jar:3.9.5-20220920]
	at org.mule.module.launcher.DeploymentDirectoryWatcher.deployPackedApps(DeploymentDirectoryWatcher.java:302) ~[mule-module-launcher-3.9.5-20220920.jar:3.9.5-20220920]
	at org.mule.module.launcher.DeploymentDirectoryWatcher.start(DeploymentDirectoryWatcher.java:156) ~[mule-module-launcher-3.9.5-20220920.jar:3.9.5-20220920]
	at org.mule.module.launcher.MuleDeploymentService.start(MuleDeploymentService.java:137) ~[mule-module-launcher-3.9.5-20220920.jar:3.9.5-20220920]
	at org.mule.module.launcher.MuleContainer.start(MuleContainer.java:172) ~[mule-module-launcher-3.9.5-20220920.jar:3.9.5-20220920]
	at org.mule.tooling.server.application.ApplicationDeployer.main(ApplicationDeployer.java:15) ~[tooling-support-3.9.5.jar:?]
Caused by: java.lang.NullPointerException
	at org.mule.util.queue.TransactionalQueueManager.doDispose(TransactionalQueueManager.java:61) ~[mule-core-3.9.5-20220920.jar:3.9.5-20220920]
	at org.mule.util.queue.AbstractQueueManager.dispose(AbstractQueueManager.java:109) ~[mule-core-3.9.5-20220920.jar:3.9.5-20220920]
	at org.mule.util.queue.DelegateQueueManager.dispose(DelegateQueueManager.java:83) ~[mule-core-3.9.5-20220920.jar:3.9.5-20220920]
	at sun.reflect.NativeMethodAccessorImpl.invoke0(Native Method) ~[?:1.8.0_202]
	at sun.reflect.NativeMethodAccessorImpl.invoke(NativeMethodAccessorImpl.java:62) ~[?:1.8.0_202]
	at sun.reflect.DelegatingMethodAccessorImpl.invoke(DelegatingMethodAccessorImpl.java:43) ~[?:1.8.0_202]
	at java.lang.reflect.Method.invoke(Method.java:498) ~[?:1.8.0_202]
	at org.mule.lifecycle.phases.DefaultLifecyclePhase.applyLifecycle(DefaultLifecyclePhase.java:230) ~[mule-core-3.9.5-20220920.jar:3.9.5-20220920]
	... 36 more
2023-05-30 22:34:59,078 [main] WARN  org.mule.lifecycle.phases.DefaultLifecyclePhase - Failed to dispose object org.mule.modules.oauth2.provider.service.StoreCleaningService@10820978
org.mule.api.lifecycle.LifecycleException: Failed to invoke lifecycle phase "dispose" on object: org.mule.modules.oauth2.provider.service.StoreCleaningService@10820978
	at org.mule.lifecycle.phases.DefaultLifecyclePhase.applyLifecycle(DefaultLifecyclePhase.java:243) ~[mule-core-3.9.5-20220920.jar:3.9.5-20220920]
	at org.mule.lifecycle.phases.MuleContextDisposePhase.applyLifecycle(MuleContextDisposePhase.java:103) ~[mule-core-3.9.5-20220920.jar:3.9.5-20220920]
	at org.mule.config.spring.SpringRegistryLifecycleManager$SpringContextDisposePhase.applyLifecycle(SpringRegistryLifecycleManager.java:143) ~[mule-module-spring-config-3.9.5-20220920.jar:3.9.5-20220920]
	at org.mule.lifecycle.RegistryLifecycleCallback.doApplyLifecycle(RegistryLifecycleCallback.java:108) ~[mule-core-3.9.5-20220920.jar:3.9.5-20220920]
	at org.mule.lifecycle.RegistryLifecycleCallback.onTransition(RegistryLifecycleCallback.java:78) ~[mule-core-3.9.5-20220920.jar:3.9.5-20220920]
	at org.mule.lifecycle.AbstractLifecycleManager.invokePhase(AbstractLifecycleManager.java:146) ~[mule-core-3.9.5-20220920.jar:3.9.5-20220920]
	at org.mule.lifecycle.RegistryLifecycleManager.fireLifecycle(RegistryLifecycleManager.java:134) ~[mule-core-3.9.5-20220920.jar:3.9.5-20220920]
	at org.mule.registry.AbstractRegistry.dispose(AbstractRegistry.java:68) ~[mule-core-3.9.5-20220920.jar:3.9.5-20220920]
	at org.mule.registry.AbstractRegistryBroker$2.onTransition(AbstractRegistryBroker.java:69) ~[mule-core-3.9.5-20220920.jar:3.9.5-20220920]
	at org.mule.registry.AbstractRegistryBroker$2.onTransition(AbstractRegistryBroker.java:64) ~[mule-core-3.9.5-20220920.jar:3.9.5-20220920]
	at org.mule.lifecycle.AbstractLifecycleManager.invokePhase(AbstractLifecycleManager.java:146) ~[mule-core-3.9.5-20220920.jar:3.9.5-20220920]
	at org.mule.lifecycle.RegistryBrokerLifecycleManager.fireDisposePhase(RegistryBrokerLifecycleManager.java:82) ~[mule-core-3.9.5-20220920.jar:3.9.5-20220920]
	at org.mule.registry.AbstractRegistryBroker.dispose(AbstractRegistryBroker.java:63) ~[mule-core-3.9.5-20220920.jar:3.9.5-20220920]
	at org.mule.registry.MuleRegistryHelper.fireLifecycle(MuleRegistryHelper.java:140) ~[mule-core-3.9.5-20220920.jar:3.9.5-20220920]
	at org.mule.lifecycle.MuleContextLifecycleManager$MuleContextLifecycleCallback.onTransition(MuleContextLifecycleManager.java:74) ~[mule-core-3.9.5-20220920.jar:3.9.5-20220920]
	at org.mule.lifecycle.MuleContextLifecycleManager$MuleContextLifecycleCallback.onTransition(MuleContextLifecycleManager.java:70) ~[mule-core-3.9.5-20220920.jar:3.9.5-20220920]
	at org.mule.lifecycle.AbstractLifecycleManager.invokePhase(AbstractLifecycleManager.java:146) ~[mule-core-3.9.5-20220920.jar:3.9.5-20220920]
	at org.mule.lifecycle.MuleContextLifecycleManager.fireLifecycle(MuleContextLifecycleManager.java:62) ~[mule-core-3.9.5-20220920.jar:3.9.5-20220920]
	at org.mule.DefaultMuleContext.dispose(DefaultMuleContext.java:456) ~[mule-core-3.9.5-20220920.jar:3.9.5-20220920]
	at org.mule.context.DefaultMuleContextFactory.doCreateMuleContext(DefaultMuleContextFactory.java:230) ~[mule-core-3.9.5-20220920.jar:3.9.5-20220920]
	at org.mule.context.DefaultMuleContextFactory.createMuleContext(DefaultMuleContextFactory.java:81) ~[mule-core-3.9.5-20220920.jar:3.9.5-20220920]
	at org.mule.module.launcher.application.DefaultMuleApplication.init(DefaultMuleApplication.java:215) ~[mule-module-launcher-3.9.5-20220920.jar:3.9.5-20220920]
	at org.mule.module.launcher.artifact.ArtifactWrapper$2.execute(ArtifactWrapper.java:64) ~[mule-module-launcher-3.9.5-20220920.jar:3.9.5-20220920]
	at org.mule.module.launcher.artifact.ArtifactWrapper.executeWithinArtifactClassLoader(ArtifactWrapper.java:138) ~[mule-module-launcher-3.9.5-20220920.jar:3.9.5-20220920]
	at org.mule.module.launcher.artifact.ArtifactWrapper.init(ArtifactWrapper.java:59) ~[mule-module-launcher-3.9.5-20220920.jar:3.9.5-20220920]
	at org.mule.module.launcher.DefaultArtifactDeployer.deploy(DefaultArtifactDeployer.java:92) ~[mule-module-launcher-3.9.5-20220920.jar:3.9.5-20220920]
	at org.mule.module.launcher.DefaultArchiveDeployer.deployArtifact(DefaultArchiveDeployer.java:578) ~[mule-module-launcher-3.9.5-20220920.jar:3.9.5-20220920]
	at org.mule.module.launcher.DefaultArchiveDeployer.deployArtifact(DefaultArchiveDeployer.java:356) ~[mule-module-launcher-3.9.5-20220920.jar:3.9.5-20220920]
	at org.mule.module.launcher.DefaultArchiveDeployer.deployPackagedArtifact(DefaultArchiveDeployer.java:203) ~[mule-module-launcher-3.9.5-20220920.jar:3.9.5-20220920]
	at org.mule.module.launcher.DefaultArchiveDeployer.deployPackagedArtifact(DefaultArchiveDeployer.java:300) ~[mule-module-launcher-3.9.5-20220920.jar:3.9.5-20220920]
	at org.mule.module.launcher.DefaultArchiveDeployer.deployPackagedArtifact(DefaultArchiveDeployer.java:87) ~[mule-module-launcher-3.9.5-20220920.jar:3.9.5-20220920]
	at org.mule.module.launcher.DefaultArchiveDeployer.deployPackagedArtifact(DefaultArchiveDeployer.java:618) ~[mule-module-launcher-3.9.5-20220920.jar:3.9.5-20220920]
	at org.mule.module.launcher.DeploymentDirectoryWatcher.deployPackedApps(DeploymentDirectoryWatcher.java:302) ~[mule-module-launcher-3.9.5-20220920.jar:3.9.5-20220920]
	at org.mule.module.launcher.DeploymentDirectoryWatcher.start(DeploymentDirectoryWatcher.java:156) ~[mule-module-launcher-3.9.5-20220920.jar:3.9.5-20220920]
	at org.mule.module.launcher.MuleDeploymentService.start(MuleDeploymentService.java:137) ~[mule-module-launcher-3.9.5-20220920.jar:3.9.5-20220920]
	at org.mule.module.launcher.MuleContainer.start(MuleContainer.java:172) ~[mule-module-launcher-3.9.5-20220920.jar:3.9.5-20220920]
	at org.mule.tooling.server.application.ApplicationDeployer.main(ApplicationDeployer.java:15) ~[tooling-support-3.9.5.jar:?]
Caused by: java.lang.NullPointerException
	at org.mule.modules.oauth2.provider.service.StoreCleaningService.dispose(StoreCleaningService.java:84) ~[mule-module-security-oauth2-provider-1.7.7.jar:?]
	at sun.reflect.GeneratedMethodAccessor17.invoke(Unknown Source) ~[?:?]
	at sun.reflect.DelegatingMethodAccessorImpl.invoke(DelegatingMethodAccessorImpl.java:43) ~[?:1.8.0_202]
	at java.lang.reflect.Method.invoke(Method.java:498) ~[?:1.8.0_202]
	at org.mule.lifecycle.phases.DefaultLifecyclePhase.applyLifecycle(DefaultLifecyclePhase.java:230) ~[mule-core-3.9.5-20220920.jar:3.9.5-20220920]
	... 36 more
2023-05-30 22:34:59,537 [main] INFO  org.mule.config.spring.MuleArtifactContext - Closing org.mule.config.spring.MuleArtifactContext@38929da: startup date [Tue May 30 22:34:50 EAT 2023]; root of context hierarchy
2023-05-30 22:34:59,545 [main] ERROR org.mule.module.launcher.application.DefaultMuleApplication - null
org.mule.api.MuleRuntimeException: A server in port(8081) already exists for ip(0.0.0.0) or one overlapping it (0.0.0.0).
	at org.mule.module.http.internal.listener.HttpListenerConnectionManager.createServer(HttpListenerConnectionManager.java:104) ~[mule-module-http-3.9.5-20220920.jar:3.9.5-20220920]
	at org.mule.module.http.internal.listener.DefaultHttpListenerConfig.initialise(DefaultHttpListenerConfig.java:187) ~[mule-module-http-3.9.5-20220920.jar:3.9.5-20220920]
	at sun.reflect.GeneratedMethodAccessor16.invoke(Unknown Source) ~[?:?]
	at sun.reflect.DelegatingMethodAccessorImpl.invoke(DelegatingMethodAccessorImpl.java:43) ~[?:1.8.0_202]
	at java.lang.reflect.Method.invoke(Method.java:498) ~[?:1.8.0_202]
	at org.mule.lifecycle.phases.DefaultLifecyclePhase.applyLifecycle(DefaultLifecyclePhase.java:230) ~[mule-core-3.9.5-20220920.jar:3.9.5-20220920]
	at org.mule.lifecycle.phases.MuleContextInitialisePhase.applyLifecycle(MuleContextInitialisePhase.java:71) ~[mule-core-3.9.5-20220920.jar:3.9.5-20220920]
	at org.mule.lifecycle.RegistryLifecycleCallback.doApplyLifecycle(RegistryLifecycleCallback.java:108) ~[mule-core-3.9.5-20220920.jar:3.9.5-20220920]
	at org.mule.lifecycle.RegistryLifecycleCallback.onTransition(RegistryLifecycleCallback.java:78) ~[mule-core-3.9.5-20220920.jar:3.9.5-20220920]
	at org.mule.lifecycle.AbstractLifecycleManager.invokePhase(AbstractLifecycleManager.java:146) ~[mule-core-3.9.5-20220920.jar:3.9.5-20220920]
	at org.mule.lifecycle.RegistryLifecycleManager.fireLifecycle(RegistryLifecycleManager.java:134) ~[mule-core-3.9.5-20220920.jar:3.9.5-20220920]
	at org.mule.registry.AbstractRegistry.fireLifecycle(AbstractRegistry.java:150) ~[mule-core-3.9.5-20220920.jar:3.9.5-20220920]
	at org.mule.registry.AbstractRegistry.initialise(AbstractRegistry.java:116) ~[mule-core-3.9.5-20220920.jar:3.9.5-20220920]
	at org.mule.config.spring.SpringXmlConfigurationBuilder.createSpringRegistry(SpringXmlConfigurationBuilder.java:177) ~[mule-module-spring-config-3.9.5-20220920.jar:3.9.5-20220920]
	at org.mule.config.spring.SpringXmlConfigurationBuilder.doConfigure(SpringXmlConfigurationBuilder.java:100) ~[mule-module-spring-config-3.9.5-20220920.jar:3.9.5-20220920]
	at org.mule.config.builders.AbstractConfigurationBuilder.configure(AbstractConfigurationBuilder.java:43) ~[mule-core-3.9.5-20220920.jar:3.9.5-20220920]
	at org.mule.config.builders.AbstractResourceConfigurationBuilder.configure(AbstractResourceConfigurationBuilder.java:69) ~[mule-core-3.9.5-20220920.jar:3.9.5-20220920]
	at org.mule.config.builders.AutoConfigurationBuilder.autoConfigure(AutoConfigurationBuilder.java:102) ~[mule-core-3.9.5-20220920.jar:3.9.5-20220920]
	at org.mule.config.builders.AutoConfigurationBuilder.doConfigure(AutoConfigurationBuilder.java:54) ~[mule-core-3.9.5-20220920.jar:3.9.5-20220920]
	at org.mule.config.builders.AbstractConfigurationBuilder.configure(AbstractConfigurationBuilder.java:43) ~[mule-core-3.9.5-20220920.jar:3.9.5-20220920]
	at org.mule.config.builders.AbstractResourceConfigurationBuilder.configure(AbstractResourceConfigurationBuilder.java:69) ~[mule-core-3.9.5-20220920.jar:3.9.5-20220920]
	at org.mule.context.DefaultMuleContextFactory$1.configure(DefaultMuleContextFactory.java:89) ~[mule-core-3.9.5-20220920.jar:3.9.5-20220920]
	at org.mule.context.DefaultMuleContextFactory.doCreateMuleContext(DefaultMuleContextFactory.java:222) ~[mule-core-3.9.5-20220920.jar:3.9.5-20220920]
	at org.mule.context.DefaultMuleContextFactory.createMuleContext(DefaultMuleContextFactory.java:81) ~[mule-core-3.9.5-20220920.jar:3.9.5-20220920]
	at org.mule.module.launcher.application.DefaultMuleApplication.init(DefaultMuleApplication.java:215) ~[mule-module-launcher-3.9.5-20220920.jar:3.9.5-20220920]
	at org.mule.module.launcher.artifact.ArtifactWrapper$2.execute(ArtifactWrapper.java:64) ~[mule-module-launcher-3.9.5-20220920.jar:3.9.5-20220920]
	at org.mule.module.launcher.artifact.ArtifactWrapper.executeWithinArtifactClassLoader(ArtifactWrapper.java:138) ~[mule-module-launcher-3.9.5-20220920.jar:3.9.5-20220920]
	at org.mule.module.launcher.artifact.ArtifactWrapper.init(ArtifactWrapper.java:59) ~[mule-module-launcher-3.9.5-20220920.jar:3.9.5-20220920]
	at org.mule.module.launcher.DefaultArtifactDeployer.deploy(DefaultArtifactDeployer.java:92) ~[mule-module-launcher-3.9.5-20220920.jar:3.9.5-20220920]
	at org.mule.module.launcher.DefaultArchiveDeployer.deployArtifact(DefaultArchiveDeployer.java:578) ~[mule-module-launcher-3.9.5-20220920.jar:3.9.5-20220920]
	at org.mule.module.launcher.DefaultArchiveDeployer.deployArtifact(DefaultArchiveDeployer.java:356) ~[mule-module-launcher-3.9.5-20220920.jar:3.9.5-20220920]
	at org.mule.module.launcher.DefaultArchiveDeployer.deployPackagedArtifact(DefaultArchiveDeployer.java:203) ~[mule-module-launcher-3.9.5-20220920.jar:3.9.5-20220920]
	at org.mule.module.launcher.DefaultArchiveDeployer.deployPackagedArtifact(DefaultArchiveDeployer.java:300) ~[mule-module-launcher-3.9.5-20220920.jar:3.9.5-20220920]
	at org.mule.module.launcher.DefaultArchiveDeployer.deployPackagedArtifact(DefaultArchiveDeployer.java:87) ~[mule-module-launcher-3.9.5-20220920.jar:3.9.5-20220920]
	at org.mule.module.launcher.DefaultArchiveDeployer.deployPackagedArtifact(DefaultArchiveDeployer.java:618) ~[mule-module-launcher-3.9.5-20220920.jar:3.9.5-20220920]
	at org.mule.module.launcher.DeploymentDirectoryWatcher.deployPackedApps(DeploymentDirectoryWatcher.java:302) ~[mule-module-launcher-3.9.5-20220920.jar:3.9.5-20220920]
	at org.mule.module.launcher.DeploymentDirectoryWatcher.start(DeploymentDirectoryWatcher.java:156) ~[mule-module-launcher-3.9.5-20220920.jar:3.9.5-20220920]
	at org.mule.module.launcher.MuleDeploymentService.start(MuleDeploymentService.java:137) ~[mule-module-launcher-3.9.5-20220920.jar:3.9.5-20220920]
	at org.mule.module.launcher.MuleContainer.start(MuleContainer.java:172) ~[mule-module-launcher-3.9.5-20220920.jar:3.9.5-20220920]
	at org.mule.tooling.server.application.ApplicationDeployer.main(ApplicationDeployer.java:15) ~[tooling-support-3.9.5.jar:?]
2023-05-30 22:34:59,551 [main] INFO  org.mule.module.launcher.application.DefaultMuleApplication - App 'birhan2' never started, nothing to dispose of
2023-05-30 22:37:56,252 [main] INFO  org.mule.module.launcher.application.DefaultMuleApplication - 
++++++++++++++++++++++++++++++++++++++++++++++++++++++++++++
+ Initializing app 'birhan2'                               +
++++++++++++++++++++++++++++++++++++++++++++++++++++++++++++
2023-05-30 22:37:57,811 [main] INFO  org.mule.lifecycle.AbstractLifecycleManager - Initialising RegistryBroker
2023-05-30 22:37:59,310 [main] INFO  org.mule.module.extension.internal.manager.DefaultExtensionManager - Starting discovery of extensions
2023-05-30 22:38:01,985 [main] INFO  org.mule.module.extension.internal.manager.DefaultExtensionManager - Discovered 1 extensions
2023-05-30 22:38:01,985 [main] INFO  org.mule.module.extension.internal.manager.DefaultExtensionManager - Registering extension validation (version 3.9)
2023-05-30 22:38:03,886 [main] INFO  org.mule.config.spring.MuleArtifactContext - Refreshing org.mule.config.spring.MuleArtifactContext@789dd6bf: startup date [Tue May 30 22:38:03 EAT 2023]; root of context hierarchy
2023-05-30 22:38:21,681 [main] INFO  org.mule.lifecycle.AbstractLifecycleManager - Disposing RegistryBroker
2023-05-30 22:38:22,082 [main] ERROR org.mule.module.launcher.application.DefaultMuleApplication - null
org.xml.sax.SAXParseException: cvc-complex-type.4: Attribute 'ref' must appear on element 'queue-store'.
	at com.sun.org.apache.xerces.internal.util.ErrorHandlerWrapper.createSAXParseException(ErrorHandlerWrapper.java:203) ~[?:1.8.0_202]
	at com.sun.org.apache.xerces.internal.util.ErrorHandlerWrapper.error(ErrorHandlerWrapper.java:134) ~[?:1.8.0_202]
	at com.sun.org.apache.xerces.internal.impl.XMLErrorReporter.reportError(XMLErrorReporter.java:396) ~[?:1.8.0_202]
	at com.sun.org.apache.xerces.internal.impl.XMLErrorReporter.reportError(XMLErrorReporter.java:327) ~[?:1.8.0_202]
	at com.sun.org.apache.xerces.internal.impl.XMLErrorReporter.reportError(XMLErrorReporter.java:284) ~[?:1.8.0_202]
	at com.sun.org.apache.xerces.internal.impl.xs.XMLSchemaValidator$XSIErrorReporter.reportError(XMLSchemaValidator.java:453) ~[?:1.8.0_202]
	at com.sun.org.apache.xerces.internal.impl.xs.XMLSchemaValidator.reportSchemaError(XMLSchemaValidator.java:3231) ~[?:1.8.0_202]
	at com.sun.org.apache.xerces.internal.impl.xs.XMLSchemaValidator.addDefaultAttributes(XMLSchemaValidator.java:2937) ~[?:1.8.0_202]
	at com.sun.org.apache.xerces.internal.impl.xs.XMLSchemaValidator.handleStartElement(XMLSchemaValidator.java:2055) ~[?:1.8.0_202]
	at com.sun.org.apache.xerces.internal.impl.xs.XMLSchemaValidator.emptyElement(XMLSchemaValidator.java:761) ~[?:1.8.0_202]
	at com.sun.org.apache.xerces.internal.impl.XMLNSDocumentScannerImpl.scanStartElement(XMLNSDocumentScannerImpl.java:351) ~[?:1.8.0_202]
	at com.sun.org.apache.xerces.internal.impl.XMLDocumentFragmentScannerImpl$FragmentContentDriver.next(XMLDocumentFragmentScannerImpl.java:2784) ~[?:1.8.0_202]
	at com.sun.org.apache.xerces.internal.impl.XMLDocumentScannerImpl.next(XMLDocumentScannerImpl.java:602) ~[?:1.8.0_202]
	at com.sun.org.apache.xerces.internal.impl.XMLNSDocumentScannerImpl.next(XMLNSDocumentScannerImpl.java:112) ~[?:1.8.0_202]
	at com.sun.org.apache.xerces.internal.impl.XMLDocumentFragmentScannerImpl.scanDocument(XMLDocumentFragmentScannerImpl.java:505) ~[?:1.8.0_202]
	at com.sun.org.apache.xerces.internal.parsers.XML11Configuration.parse(XML11Configuration.java:842) ~[?:1.8.0_202]
	at com.sun.org.apache.xerces.internal.parsers.XML11Configuration.parse(XML11Configuration.java:771) ~[?:1.8.0_202]
	at com.sun.org.apache.xerces.internal.parsers.XMLParser.parse(XMLParser.java:141) ~[?:1.8.0_202]
	at com.sun.org.apache.xerces.internal.parsers.DOMParser.parse(DOMParser.java:243) ~[?:1.8.0_202]
	at com.sun.org.apache.xerces.internal.jaxp.DocumentBuilderImpl.parse(DocumentBuilderImpl.java:339) ~[?:1.8.0_202]
	at org.springframework.beans.factory.xml.DefaultDocumentLoader.loadDocument(DefaultDocumentLoader.java:76) ~[spring-beans-4.3.29.RELEASE.jar:4.3.29.RELEASE]
	at org.mule.config.spring.MuleDocumentLoader.loadDocument(MuleDocumentLoader.java:91) ~[mule-module-spring-config-3.9.5-20220920.jar:3.9.5-20220920]
	at org.springframework.beans.factory.xml.XmlBeanDefinitionReader.doLoadDocument(XmlBeanDefinitionReader.java:429) ~[spring-beans-4.3.29.RELEASE.jar:4.3.29.RELEASE]
	at org.springframework.beans.factory.xml.XmlBeanDefinitionReader.doLoadBeanDefinitions(XmlBeanDefinitionReader.java:391) ~[spring-beans-4.3.29.RELEASE.jar:4.3.29.RELEASE]
	at org.springframework.beans.factory.xml.XmlBeanDefinitionReader.loadBeanDefinitions(XmlBeanDefinitionReader.java:336) ~[spring-beans-4.3.29.RELEASE.jar:4.3.29.RELEASE]
	at org.springframework.beans.factory.xml.XmlBeanDefinitionReader.loadBeanDefinitions(XmlBeanDefinitionReader.java:304) ~[spring-beans-4.3.29.RELEASE.jar:4.3.29.RELEASE]
	at org.springframework.beans.factory.support.AbstractBeanDefinitionReader.loadBeanDefinitions(AbstractBeanDefinitionReader.java:181) ~[spring-beans-4.3.29.RELEASE.jar:4.3.29.RELEASE]
	at org.mule.config.spring.MuleArtifactContext.loadBeanDefinitions(MuleArtifactContext.java:199) ~[mule-module-spring-config-3.9.5-20220920.jar:3.9.5-20220920]
	at org.springframework.context.support.AbstractRefreshableApplicationContext.refreshBeanFactory(AbstractRefreshableApplicationContext.java:126) ~[spring-context-4.3.29.RELEASE.jar:4.3.29.RELEASE]
	at org.springframework.context.support.AbstractApplicationContext.obtainFreshBeanFactory(AbstractApplicationContext.java:614) ~[spring-context-4.3.29.RELEASE.jar:4.3.29.RELEASE]
	at org.springframework.context.support.AbstractApplicationContext.refresh(AbstractApplicationContext.java:514) ~[spring-context-4.3.29.RELEASE.jar:4.3.29.RELEASE]
	at org.mule.config.spring.SpringRegistry.doInitialise(SpringRegistry.java:108) ~[mule-module-spring-config-3.9.5-20220920.jar:3.9.5-20220920]
	at org.mule.registry.AbstractRegistry.initialise(AbstractRegistry.java:104) ~[mule-core-3.9.5-20220920.jar:3.9.5-20220920]
	at org.mule.config.spring.SpringXmlConfigurationBuilder.createSpringRegistry(SpringXmlConfigurationBuilder.java:177) ~[mule-module-spring-config-3.9.5-20220920.jar:3.9.5-20220920]
	at org.mule.config.spring.SpringXmlConfigurationBuilder.doConfigure(SpringXmlConfigurationBuilder.java:100) ~[mule-module-spring-config-3.9.5-20220920.jar:3.9.5-20220920]
	at org.mule.config.builders.AbstractConfigurationBuilder.configure(AbstractConfigurationBuilder.java:43) ~[mule-core-3.9.5-20220920.jar:3.9.5-20220920]
	at org.mule.config.builders.AbstractResourceConfigurationBuilder.configure(AbstractResourceConfigurationBuilder.java:69) ~[mule-core-3.9.5-20220920.jar:3.9.5-20220920]
	at org.mule.config.builders.AutoConfigurationBuilder.autoConfigure(AutoConfigurationBuilder.java:102) ~[mule-core-3.9.5-20220920.jar:3.9.5-20220920]
	at org.mule.config.builders.AutoConfigurationBuilder.doConfigure(AutoConfigurationBuilder.java:54) ~[mule-core-3.9.5-20220920.jar:3.9.5-20220920]
	at org.mule.config.builders.AbstractConfigurationBuilder.configure(AbstractConfigurationBuilder.java:43) ~[mule-core-3.9.5-20220920.jar:3.9.5-20220920]
	at org.mule.config.builders.AbstractResourceConfigurationBuilder.configure(AbstractResourceConfigurationBuilder.java:69) ~[mule-core-3.9.5-20220920.jar:3.9.5-20220920]
	at org.mule.context.DefaultMuleContextFactory$1.configure(DefaultMuleContextFactory.java:89) ~[mule-core-3.9.5-20220920.jar:3.9.5-20220920]
	at org.mule.context.DefaultMuleContextFactory.doCreateMuleContext(DefaultMuleContextFactory.java:222) ~[mule-core-3.9.5-20220920.jar:3.9.5-20220920]
	at org.mule.context.DefaultMuleContextFactory.createMuleContext(DefaultMuleContextFactory.java:81) ~[mule-core-3.9.5-20220920.jar:3.9.5-20220920]
	at org.mule.module.launcher.application.DefaultMuleApplication.init(DefaultMuleApplication.java:215) ~[mule-module-launcher-3.9.5-20220920.jar:3.9.5-20220920]
	at org.mule.module.launcher.artifact.ArtifactWrapper$2.execute(ArtifactWrapper.java:64) ~[mule-module-launcher-3.9.5-20220920.jar:3.9.5-20220920]
	at org.mule.module.launcher.artifact.ArtifactWrapper.executeWithinArtifactClassLoader(ArtifactWrapper.java:138) ~[mule-module-launcher-3.9.5-20220920.jar:3.9.5-20220920]
	at org.mule.module.launcher.artifact.ArtifactWrapper.init(ArtifactWrapper.java:59) ~[mule-module-launcher-3.9.5-20220920.jar:3.9.5-20220920]
	at org.mule.module.launcher.DefaultArtifactDeployer.deploy(DefaultArtifactDeployer.java:92) ~[mule-module-launcher-3.9.5-20220920.jar:3.9.5-20220920]
	at org.mule.module.launcher.DefaultArchiveDeployer.deployArtifact(DefaultArchiveDeployer.java:578) ~[mule-module-launcher-3.9.5-20220920.jar:3.9.5-20220920]
	at org.mule.module.launcher.DefaultArchiveDeployer.deployArtifact(DefaultArchiveDeployer.java:356) ~[mule-module-launcher-3.9.5-20220920.jar:3.9.5-20220920]
	at org.mule.module.launcher.DefaultArchiveDeployer.deployPackagedArtifact(DefaultArchiveDeployer.java:203) ~[mule-module-launcher-3.9.5-20220920.jar:3.9.5-20220920]
	at org.mule.module.launcher.DefaultArchiveDeployer.deployPackagedArtifact(DefaultArchiveDeployer.java:300) ~[mule-module-launcher-3.9.5-20220920.jar:3.9.5-20220920]
	at org.mule.module.launcher.DefaultArchiveDeployer.deployPackagedArtifact(DefaultArchiveDeployer.java:87) ~[mule-module-launcher-3.9.5-20220920.jar:3.9.5-20220920]
	at org.mule.module.launcher.DefaultArchiveDeployer.deployPackagedArtifact(DefaultArchiveDeployer.java:618) ~[mule-module-launcher-3.9.5-20220920.jar:3.9.5-20220920]
	at org.mule.module.launcher.DeploymentDirectoryWatcher.deployPackedApps(DeploymentDirectoryWatcher.java:302) ~[mule-module-launcher-3.9.5-20220920.jar:3.9.5-20220920]
	at org.mule.module.launcher.DeploymentDirectoryWatcher.start(DeploymentDirectoryWatcher.java:156) ~[mule-module-launcher-3.9.5-20220920.jar:3.9.5-20220920]
	at org.mule.module.launcher.MuleDeploymentService.start(MuleDeploymentService.java:137) ~[mule-module-launcher-3.9.5-20220920.jar:3.9.5-20220920]
	at org.mule.module.launcher.MuleContainer.start(MuleContainer.java:172) ~[mule-module-launcher-3.9.5-20220920.jar:3.9.5-20220920]
	at org.mule.tooling.server.application.ApplicationDeployer.main(ApplicationDeployer.java:15) ~[tooling-support-3.9.5.jar:?]
2023-05-30 22:38:22,133 [main] INFO  org.mule.module.launcher.application.DefaultMuleApplication - App 'birhan2' never started, nothing to dispose of
2023-05-30 22:42:55,831 [main] INFO  org.mule.module.launcher.application.DefaultMuleApplication - 
++++++++++++++++++++++++++++++++++++++++++++++++++++++++++++
+ Initializing app 'birhan2'                               +
++++++++++++++++++++++++++++++++++++++++++++++++++++++++++++
2023-05-30 22:42:56,194 [main] INFO  org.mule.lifecycle.AbstractLifecycleManager - Initialising RegistryBroker
2023-05-30 22:42:56,326 [main] INFO  org.mule.module.extension.internal.manager.DefaultExtensionManager - Starting discovery of extensions
2023-05-30 22:42:56,415 [main] INFO  org.mule.module.extension.internal.manager.DefaultExtensionManager - Discovered 1 extensions
2023-05-30 22:42:56,415 [main] INFO  org.mule.module.extension.internal.manager.DefaultExtensionManager - Registering extension validation (version 3.9)
2023-05-30 22:42:56,467 [main] INFO  org.mule.config.spring.MuleArtifactContext - Refreshing org.mule.config.spring.MuleArtifactContext@789dd6bf: startup date [Tue May 30 22:42:56 EAT 2023]; root of context hierarchy
2023-05-30 22:42:57,382 [main] INFO  org.mule.lifecycle.AbstractLifecycleManager - Disposing RegistryBroker
2023-05-30 22:42:57,388 [main] ERROR org.mule.module.launcher.application.DefaultMuleApplication - null
org.xml.sax.SAXParseException: cvc-complex-type.4: Attribute 'ref' must appear on element 'queue-store'.
	at com.sun.org.apache.xerces.internal.util.ErrorHandlerWrapper.createSAXParseException(ErrorHandlerWrapper.java:203) ~[?:1.8.0_202]
	at com.sun.org.apache.xerces.internal.util.ErrorHandlerWrapper.error(ErrorHandlerWrapper.java:134) ~[?:1.8.0_202]
	at com.sun.org.apache.xerces.internal.impl.XMLErrorReporter.reportError(XMLErrorReporter.java:396) ~[?:1.8.0_202]
	at com.sun.org.apache.xerces.internal.impl.XMLErrorReporter.reportError(XMLErrorReporter.java:327) ~[?:1.8.0_202]
	at com.sun.org.apache.xerces.internal.impl.XMLErrorReporter.reportError(XMLErrorReporter.java:284) ~[?:1.8.0_202]
	at com.sun.org.apache.xerces.internal.impl.xs.XMLSchemaValidator$XSIErrorReporter.reportError(XMLSchemaValidator.java:453) ~[?:1.8.0_202]
	at com.sun.org.apache.xerces.internal.impl.xs.XMLSchemaValidator.reportSchemaError(XMLSchemaValidator.java:3231) ~[?:1.8.0_202]
	at com.sun.org.apache.xerces.internal.impl.xs.XMLSchemaValidator.addDefaultAttributes(XMLSchemaValidator.java:2937) ~[?:1.8.0_202]
	at com.sun.org.apache.xerces.internal.impl.xs.XMLSchemaValidator.handleStartElement(XMLSchemaValidator.java:2055) ~[?:1.8.0_202]
	at com.sun.org.apache.xerces.internal.impl.xs.XMLSchemaValidator.emptyElement(XMLSchemaValidator.java:761) ~[?:1.8.0_202]
	at com.sun.org.apache.xerces.internal.impl.XMLNSDocumentScannerImpl.scanStartElement(XMLNSDocumentScannerImpl.java:351) ~[?:1.8.0_202]
	at com.sun.org.apache.xerces.internal.impl.XMLDocumentFragmentScannerImpl$FragmentContentDriver.next(XMLDocumentFragmentScannerImpl.java:2784) ~[?:1.8.0_202]
	at com.sun.org.apache.xerces.internal.impl.XMLDocumentScannerImpl.next(XMLDocumentScannerImpl.java:602) ~[?:1.8.0_202]
	at com.sun.org.apache.xerces.internal.impl.XMLNSDocumentScannerImpl.next(XMLNSDocumentScannerImpl.java:112) ~[?:1.8.0_202]
	at com.sun.org.apache.xerces.internal.impl.XMLDocumentFragmentScannerImpl.scanDocument(XMLDocumentFragmentScannerImpl.java:505) ~[?:1.8.0_202]
	at com.sun.org.apache.xerces.internal.parsers.XML11Configuration.parse(XML11Configuration.java:842) ~[?:1.8.0_202]
	at com.sun.org.apache.xerces.internal.parsers.XML11Configuration.parse(XML11Configuration.java:771) ~[?:1.8.0_202]
	at com.sun.org.apache.xerces.internal.parsers.XMLParser.parse(XMLParser.java:141) ~[?:1.8.0_202]
	at com.sun.org.apache.xerces.internal.parsers.DOMParser.parse(DOMParser.java:243) ~[?:1.8.0_202]
	at com.sun.org.apache.xerces.internal.jaxp.DocumentBuilderImpl.parse(DocumentBuilderImpl.java:339) ~[?:1.8.0_202]
	at org.springframework.beans.factory.xml.DefaultDocumentLoader.loadDocument(DefaultDocumentLoader.java:76) ~[spring-beans-4.3.29.RELEASE.jar:4.3.29.RELEASE]
	at org.mule.config.spring.MuleDocumentLoader.loadDocument(MuleDocumentLoader.java:91) ~[mule-module-spring-config-3.9.5-20220920.jar:3.9.5-20220920]
	at org.springframework.beans.factory.xml.XmlBeanDefinitionReader.doLoadDocument(XmlBeanDefinitionReader.java:429) ~[spring-beans-4.3.29.RELEASE.jar:4.3.29.RELEASE]
	at org.springframework.beans.factory.xml.XmlBeanDefinitionReader.doLoadBeanDefinitions(XmlBeanDefinitionReader.java:391) ~[spring-beans-4.3.29.RELEASE.jar:4.3.29.RELEASE]
	at org.springframework.beans.factory.xml.XmlBeanDefinitionReader.loadBeanDefinitions(XmlBeanDefinitionReader.java:336) ~[spring-beans-4.3.29.RELEASE.jar:4.3.29.RELEASE]
	at org.springframework.beans.factory.xml.XmlBeanDefinitionReader.loadBeanDefinitions(XmlBeanDefinitionReader.java:304) ~[spring-beans-4.3.29.RELEASE.jar:4.3.29.RELEASE]
	at org.springframework.beans.factory.support.AbstractBeanDefinitionReader.loadBeanDefinitions(AbstractBeanDefinitionReader.java:181) ~[spring-beans-4.3.29.RELEASE.jar:4.3.29.RELEASE]
	at org.mule.config.spring.MuleArtifactContext.loadBeanDefinitions(MuleArtifactContext.java:199) ~[mule-module-spring-config-3.9.5-20220920.jar:3.9.5-20220920]
	at org.springframework.context.support.AbstractRefreshableApplicationContext.refreshBeanFactory(AbstractRefreshableApplicationContext.java:126) ~[spring-context-4.3.29.RELEASE.jar:4.3.29.RELEASE]
	at org.springframework.context.support.AbstractApplicationContext.obtainFreshBeanFactory(AbstractApplicationContext.java:614) ~[spring-context-4.3.29.RELEASE.jar:4.3.29.RELEASE]
	at org.springframework.context.support.AbstractApplicationContext.refresh(AbstractApplicationContext.java:514) ~[spring-context-4.3.29.RELEASE.jar:4.3.29.RELEASE]
	at org.mule.config.spring.SpringRegistry.doInitialise(SpringRegistry.java:108) ~[mule-module-spring-config-3.9.5-20220920.jar:3.9.5-20220920]
	at org.mule.registry.AbstractRegistry.initialise(AbstractRegistry.java:104) ~[mule-core-3.9.5-20220920.jar:3.9.5-20220920]
	at org.mule.config.spring.SpringXmlConfigurationBuilder.createSpringRegistry(SpringXmlConfigurationBuilder.java:177) ~[mule-module-spring-config-3.9.5-20220920.jar:3.9.5-20220920]
	at org.mule.config.spring.SpringXmlConfigurationBuilder.doConfigure(SpringXmlConfigurationBuilder.java:100) ~[mule-module-spring-config-3.9.5-20220920.jar:3.9.5-20220920]
	at org.mule.config.builders.AbstractConfigurationBuilder.configure(AbstractConfigurationBuilder.java:43) ~[mule-core-3.9.5-20220920.jar:3.9.5-20220920]
	at org.mule.config.builders.AbstractResourceConfigurationBuilder.configure(AbstractResourceConfigurationBuilder.java:69) ~[mule-core-3.9.5-20220920.jar:3.9.5-20220920]
	at org.mule.config.builders.AutoConfigurationBuilder.autoConfigure(AutoConfigurationBuilder.java:102) ~[mule-core-3.9.5-20220920.jar:3.9.5-20220920]
	at org.mule.config.builders.AutoConfigurationBuilder.doConfigure(AutoConfigurationBuilder.java:54) ~[mule-core-3.9.5-20220920.jar:3.9.5-20220920]
	at org.mule.config.builders.AbstractConfigurationBuilder.configure(AbstractConfigurationBuilder.java:43) ~[mule-core-3.9.5-20220920.jar:3.9.5-20220920]
	at org.mule.config.builders.AbstractResourceConfigurationBuilder.configure(AbstractResourceConfigurationBuilder.java:69) ~[mule-core-3.9.5-20220920.jar:3.9.5-20220920]
	at org.mule.context.DefaultMuleContextFactory$1.configure(DefaultMuleContextFactory.java:89) ~[mule-core-3.9.5-20220920.jar:3.9.5-20220920]
	at org.mule.context.DefaultMuleContextFactory.doCreateMuleContext(DefaultMuleContextFactory.java:222) ~[mule-core-3.9.5-20220920.jar:3.9.5-20220920]
	at org.mule.context.DefaultMuleContextFactory.createMuleContext(DefaultMuleContextFactory.java:81) ~[mule-core-3.9.5-20220920.jar:3.9.5-20220920]
	at org.mule.module.launcher.application.DefaultMuleApplication.init(DefaultMuleApplication.java:215) ~[mule-module-launcher-3.9.5-20220920.jar:3.9.5-20220920]
	at org.mule.module.launcher.artifact.ArtifactWrapper$2.execute(ArtifactWrapper.java:64) ~[mule-module-launcher-3.9.5-20220920.jar:3.9.5-20220920]
	at org.mule.module.launcher.artifact.ArtifactWrapper.executeWithinArtifactClassLoader(ArtifactWrapper.java:138) ~[mule-module-launcher-3.9.5-20220920.jar:3.9.5-20220920]
	at org.mule.module.launcher.artifact.ArtifactWrapper.init(ArtifactWrapper.java:59) ~[mule-module-launcher-3.9.5-20220920.jar:3.9.5-20220920]
	at org.mule.module.launcher.DefaultArtifactDeployer.deploy(DefaultArtifactDeployer.java:92) ~[mule-module-launcher-3.9.5-20220920.jar:3.9.5-20220920]
	at org.mule.module.launcher.DefaultArchiveDeployer.deployArtifact(DefaultArchiveDeployer.java:578) ~[mule-module-launcher-3.9.5-20220920.jar:3.9.5-20220920]
	at org.mule.module.launcher.DefaultArchiveDeployer.deployArtifact(DefaultArchiveDeployer.java:356) ~[mule-module-launcher-3.9.5-20220920.jar:3.9.5-20220920]
	at org.mule.module.launcher.DefaultArchiveDeployer.deployPackagedArtifact(DefaultArchiveDeployer.java:203) ~[mule-module-launcher-3.9.5-20220920.jar:3.9.5-20220920]
	at org.mule.module.launcher.DefaultArchiveDeployer.deployPackagedArtifact(DefaultArchiveDeployer.java:300) ~[mule-module-launcher-3.9.5-20220920.jar:3.9.5-20220920]
	at org.mule.module.launcher.DefaultArchiveDeployer.deployPackagedArtifact(DefaultArchiveDeployer.java:87) ~[mule-module-launcher-3.9.5-20220920.jar:3.9.5-20220920]
	at org.mule.module.launcher.DefaultArchiveDeployer.deployPackagedArtifact(DefaultArchiveDeployer.java:618) ~[mule-module-launcher-3.9.5-20220920.jar:3.9.5-20220920]
	at org.mule.module.launcher.DeploymentDirectoryWatcher.deployPackedApps(DeploymentDirectoryWatcher.java:302) ~[mule-module-launcher-3.9.5-20220920.jar:3.9.5-20220920]
	at org.mule.module.launcher.DeploymentDirectoryWatcher.start(DeploymentDirectoryWatcher.java:156) ~[mule-module-launcher-3.9.5-20220920.jar:3.9.5-20220920]
	at org.mule.module.launcher.MuleDeploymentService.start(MuleDeploymentService.java:137) ~[mule-module-launcher-3.9.5-20220920.jar:3.9.5-20220920]
	at org.mule.module.launcher.MuleContainer.start(MuleContainer.java:172) ~[mule-module-launcher-3.9.5-20220920.jar:3.9.5-20220920]
	at org.mule.tooling.server.application.ApplicationDeployer.main(ApplicationDeployer.java:15) ~[tooling-support-3.9.5.jar:?]
2023-05-30 22:42:57,391 [main] INFO  org.mule.module.launcher.application.DefaultMuleApplication - App 'birhan2' never started, nothing to dispose of
